<?xml version="1.0" encoding="UTF-8"?>
<testng-results ignored="0" total="1" passed="1" failed="0" skipped="0">
  <reporter-output>
  </reporter-output>
  <suite started-at="2025-03-15T22:20:09 GMT" name="Default suite" finished-at="2025-03-15T22:20:11 GMT" duration-ms="1575">
    <groups>
    </groups>
    <test started-at="2025-03-15T22:20:09 GMT" name="Default test" finished-at="2025-03-15T22:20:11 GMT" duration-ms="1575">
      <class name="Tests_POST">
        <test-method signature="Test_3()[pri:0, instance:Tests_POST@2898ac89]" started-at="2025-03-15T22:20:09 GMT" name="Test_3" finished-at="2025-03-15T22:20:11 GMT" duration-ms="1530" status="PASS">
          <reporter-output>
          </reporter-output>
        </test-method> <!-- Test_3 -->
      </class> <!-- Tests_POST -->
    </test> <!-- Default test -->
  </suite> <!-- Default suite -->
</testng-results>
