<?xml version="1.0" encoding="UTF-8"?>
<testng-results ignored="0" total="1" passed="1" failed="0" skipped="0">
  <reporter-output>
  </reporter-output>
  <suite started-at="2025-03-13T16:34:22 GMT" name="Default suite" finished-at="2025-03-13T16:34:25 GMT" duration-ms="2978">
    <groups>
    </groups>
    <test started-at="2025-03-13T16:34:22 GMT" name="Default test" finished-at="2025-03-13T16:34:25 GMT" duration-ms="2978">
      <class name="Tests_GET">
        <test-method signature="test_01()[pri:0, instance:Tests_GET@2898ac89]" started-at="2025-03-13T16:34:22 GMT" name="test_01" finished-at="2025-03-13T16:34:25 GMT" duration-ms="2920" status="PASS">
          <reporter-output>
          </reporter-output>
        </test-method> <!-- test_01 -->
      </class> <!-- Tests_GET -->
    </test> <!-- Default test -->
  </suite> <!-- Default suite -->
</testng-results>
